[      65ms] [INFO] %cDownload the React DevTools for a better development experience: https://react.dev/link/react-devtools font-weight:bold @ http://localhost:3000/_next/static/chunks/1nrc_next_dist_10f3puc._.js:2477
[      78ms] [LOG] [HMR] connected @ http://localhost:3000/_next/static/chunks/1nrc_next_dist_10f3puc._.js:2477
[      87ms] [WARNING] Stackflow - Some plugin overrides an "initialActivity" option. The "initialActivity" option you set to "HomeActivity" in the "stackflow" is ignored. @ http://localhost:3000/_next/static/chunks/1nrc_next_dist_10f3puc._.js:2477
[  435919ms] [LOG] [Fast Refresh] rebuilding @ http://localhost:3000/_next/static/chunks/1nrc_next_dist_10f3puc._.js:2477
[  435945ms] [LOG] [Fast Refresh] done in 92ms @ http://localhost:3000/_next/static/chunks/1nrc_next_dist_10f3puc._.js:2477
[  619858ms] [LOG] [HMR] connected @ http://localhost:3000/_next/static/chunks/1nrc_next_dist_10f3puc._.js:2477
[  620159ms] [INFO] %cDownload the React DevTools for a better development experience: https://react.dev/link/react-devtools font-weight:bold @ http://localhost:3000/_next/static/chunks/1nrc_next_dist_10f3puc._.js:2477
[  620203ms] [LOG] [HMR] connected @ http://localhost:3000/_next/static/chunks/1nrc_next_dist_10f3puc._.js:2477
[  620221ms] [WARNING] Stackflow - Some plugin overrides an "initialActivity" option. The "initialActivity" option you set to "HomeActivity" in the "stackflow" is ignored. @ http://localhost:3000/_next/static/chunks/1nrc_next_dist_10f3puc._.js:2477
[  623233ms] [WARNING] The resource http://localhost:3000/_next/static/media/caa3a2e1cccd8315-s.p.0wgildi0cnwt9.woff2 was preloaded using link preload but not used within a few seconds from the window's load event. Please make sure it has an appropriate `as` value and it is preloaded intentionally. @ http://localhost:3000/:0
[  623233ms] [WARNING] The resource http://localhost:3000/_next/static/media/83afe278b6a6bb3c-s.p.2bn3s6zvc0dyp.woff2 was preloaded using link preload but not used within a few seconds from the window's load event. Please make sure it has an appropriate `as` value and it is preloaded intentionally. @ http://localhost:3000/:0
[  623233ms] [WARNING] The resource http://localhost:3000/_next/static/media/797e433ab948586e-s.p.0r6juujl39pe6.woff2 was preloaded using link preload but not used within a few seconds from the window's load event. Please make sure it has an appropriate `as` value and it is preloaded intentionally. @ http://localhost:3000/:0
[ 2667317ms] [LOG] [Fast Refresh] rebuilding @ http://localhost:3000/_next/static/chunks/1nrc_next_dist_10f3puc._.js:2477
[ 2667538ms] [LOG] [Fast Refresh] done in 322ms @ http://localhost:3000/_next/static/chunks/1nrc_next_dist_10f3puc._.js:2477
[ 2675269ms] [LOG] [Fast Refresh] rebuilding @ http://localhost:3000/_next/static/chunks/1nrc_next_dist_10f3puc._.js:2477
[ 2675723ms] [LOG] [Fast Refresh] done in 227ms @ http://localhost:3000/_next/static/chunks/1nrc_next_dist_10f3puc._.js:2477
[ 2750478ms] [LOG] [Fast Refresh] rebuilding @ http://localhost:3000/_next/static/chunks/1nrc_next_dist_10f3puc._.js:2477
[ 2750920ms] [LOG] [Fast Refresh] done in 545ms @ http://localhost:3000/_next/static/chunks/1nrc_next_dist_10f3puc._.js:2477
[ 2813484ms] [LOG] [Fast Refresh] rebuilding @ http://localhost:3000/_next/static/chunks/1nrc_next_dist_10f3puc._.js:2477
[ 2813510ms] [LOG] [Fast Refresh] done in 76ms @ http://localhost:3000/_next/static/chunks/1nrc_next_dist_10f3puc._.js:2477
