[      67ms] [INFO] %cDownload the React DevTools for a better development experience: https://react.dev/link/react-devtools font-weight:bold @ http://localhost:3000/_next/static/chunks/1nrc_next_dist_10f3puc._.js:2477
[      76ms] [LOG] [HMR] connected @ http://localhost:3000/_next/static/chunks/1nrc_next_dist_10f3puc._.js:2477
[      82ms] [WARNING] Stackflow - Some plugin overrides an "initialActivity" option. The "initialActivity" option you set to "HomeActivity" in the "stackflow" is ignored. @ http://localhost:3000/_next/static/chunks/1nrc_next_dist_10f3puc._.js:2477
[   45225ms] [LOG] [Fast Refresh] rebuilding @ http://localhost:3000/_next/static/chunks/1nrc_next_dist_10f3puc._.js:2477
[   45254ms] [LOG] [Fast Refresh] done in 26ms @ http://localhost:3000/_next/static/chunks/1nrc_next_dist_10f3puc._.js:2477
[   47264ms] [LOG] [Fast Refresh] rebuilding @ http://localhost:3000/_next/static/chunks/1nrc_next_dist_10f3puc._.js:2477
[   47294ms] [LOG] [Fast Refresh] done in 24ms @ http://localhost:3000/_next/static/chunks/1nrc_next_dist_10f3puc._.js:2477
[  115324ms] [LOG] [Fast Refresh] rebuilding @ http://localhost:3000/_next/static/chunks/1nrc_next_dist_10f3puc._.js:2477
[  115351ms] [LOG] [Fast Refresh] done in 15ms @ http://localhost:3000/_next/static/chunks/1nrc_next_dist_10f3puc._.js:2477
[  196045ms] [LOG] [Fast Refresh] rebuilding @ http://localhost:3000/_next/static/chunks/1nrc_next_dist_10f3puc._.js:2477
[  196074ms] [LOG] [Fast Refresh] done in 13ms @ http://localhost:3000/_next/static/chunks/1nrc_next_dist_10f3puc._.js:2477
[  287220ms] [LOG] [Fast Refresh] rebuilding @ http://localhost:3000/_next/static/chunks/1nrc_next_dist_10f3puc._.js:2477
[  287248ms] [LOG] [Fast Refresh] done in 35ms @ http://localhost:3000/_next/static/chunks/1nrc_next_dist_10f3puc._.js:2477
[  537092ms] [LOG] [Fast Refresh] rebuilding @ http://localhost:3000/_next/static/chunks/1nrc_next_dist_10f3puc._.js:2477
[  537433ms] [LOG] [Fast Refresh] done in 425ms @ http://localhost:3000/_next/static/chunks/1nrc_next_dist_10f3puc._.js:2477
[  538185ms] [LOG] [Fast Refresh] rebuilding @ http://localhost:3000/_next/static/chunks/1nrc_next_dist_10f3puc._.js:2477
[  538214ms] [LOG] [Fast Refresh] done in 14ms @ http://localhost:3000/_next/static/chunks/1nrc_next_dist_10f3puc._.js:2477
[  647080ms] [LOG] [Fast Refresh] rebuilding @ http://localhost:3000/_next/static/chunks/1nrc_next_dist_10f3puc._.js:2477
[  647107ms] [LOG] [Fast Refresh] done in 17ms @ http://localhost:3000/_next/static/chunks/1nrc_next_dist_10f3puc._.js:2477
[  713362ms] [LOG] [Fast Refresh] rebuilding @ http://localhost:3000/_next/static/chunks/1nrc_next_dist_10f3puc._.js:2477
[  713394ms] [LOG] [Fast Refresh] done in 21ms @ http://localhost:3000/_next/static/chunks/1nrc_next_dist_10f3puc._.js:2477
[  715476ms] [LOG] [Fast Refresh] rebuilding @ http://localhost:3000/_next/static/chunks/1nrc_next_dist_10f3puc._.js:2477
[  715505ms] [LOG] [Fast Refresh] done in 16ms @ http://localhost:3000/_next/static/chunks/1nrc_next_dist_10f3puc._.js:2477
[  779109ms] [LOG] [Fast Refresh] rebuilding @ http://localhost:3000/_next/static/chunks/1nrc_next_dist_10f3puc._.js:2477
[  779138ms] [LOG] [Fast Refresh] done in 26ms @ http://localhost:3000/_next/static/chunks/1nrc_next_dist_10f3puc._.js:2477
[  862109ms] [LOG] [Fast Refresh] rebuilding @ http://localhost:3000/_next/static/chunks/1nrc_next_dist_10f3puc._.js:2477
[  862249ms] [LOG] [Fast Refresh] done in 242ms @ http://localhost:3000/_next/static/chunks/1nrc_next_dist_10f3puc._.js:2477
