[      76ms] [INFO] %cDownload the React DevTools for a better development experience: https://react.dev/link/react-devtools font-weight:bold @ http://localhost:3000/_next/static/chunks/1nrc_next_dist_10f3puc._.js:2477
[      88ms] [LOG] [HMR] connected @ http://localhost:3000/_next/static/chunks/1nrc_next_dist_10f3puc._.js:2477
[      95ms] [WARNING] Stackflow - Some plugin overrides an "initialActivity" option. The "initialActivity" option you set to "HomeActivity" in the "stackflow" is ignored. @ http://localhost:3000/_next/static/chunks/1nrc_next_dist_10f3puc._.js:2477
[   70838ms] [LOG] [Fast Refresh] rebuilding @ http://localhost:3000/_next/static/chunks/1nrc_next_dist_10f3puc._.js:2477
[   70867ms] [LOG] [Fast Refresh] done in 23ms @ http://localhost:3000/_next/static/chunks/1nrc_next_dist_10f3puc._.js:2477
[  116257ms] [LOG] [Fast Refresh] rebuilding @ http://localhost:3000/_next/static/chunks/1nrc_next_dist_10f3puc._.js:2477
[  116286ms] [LOG] [Fast Refresh] done in 12ms @ http://localhost:3000/_next/static/chunks/1nrc_next_dist_10f3puc._.js:2477
[  812204ms] [LOG] [Fast Refresh] rebuilding @ http://localhost:3000/_next/static/chunks/1nrc_next_dist_10f3puc._.js:2477
[  812286ms] [LOG] [Fast Refresh] done in 154ms @ http://localhost:3000/_next/static/chunks/1nrc_next_dist_10f3puc._.js:2477
[  820776ms] [LOG] [Fast Refresh] rebuilding @ http://localhost:3000/_next/static/chunks/1nrc_next_dist_10f3puc._.js:2477
[  820906ms] [LOG] [Fast Refresh] done in 138ms @ http://localhost:3000/_next/static/chunks/1nrc_next_dist_10f3puc._.js:2477
[  821012ms] [LOG] [Fast Refresh] rebuilding @ http://localhost:3000/_next/static/chunks/1nrc_next_dist_10f3puc._.js:2477
[  821035ms] [LOG] [Fast Refresh] done in 123ms @ http://localhost:3000/_next/static/chunks/1nrc_next_dist_10f3puc._.js:2477
[  821171ms] [LOG] [Fast Refresh] rebuilding @ http://localhost:3000/_next/static/chunks/1nrc_next_dist_10f3puc._.js:2477
[  821281ms] [LOG] [Fast Refresh] done in 210ms @ http://localhost:3000/_next/static/chunks/1nrc_next_dist_10f3puc._.js:2477
[  834523ms] [LOG] [Fast Refresh] rebuilding @ http://localhost:3000/_next/static/chunks/1nrc_next_dist_10f3puc._.js:2477
[  834552ms] [LOG] [Fast Refresh] done in 13ms @ http://localhost:3000/_next/static/chunks/1nrc_next_dist_10f3puc._.js:2477
[  847457ms] [LOG] [Fast Refresh] rebuilding @ http://localhost:3000/_next/static/chunks/1nrc_next_dist_10f3puc._.js:2477
[  847486ms] [LOG] [Fast Refresh] done in 12ms @ http://localhost:3000/_next/static/chunks/1nrc_next_dist_10f3puc._.js:2477
[ 1113869ms] [LOG] [Fast Refresh] rebuilding @ http://localhost:3000/_next/static/chunks/1nrc_next_dist_10f3puc._.js:2477
[ 1113898ms] [LOG] [Fast Refresh] done in 20ms @ http://localhost:3000/_next/static/chunks/1nrc_next_dist_10f3puc._.js:2477
[ 1115889ms] [LOG] [Fast Refresh] rebuilding @ http://localhost:3000/_next/static/chunks/1nrc_next_dist_10f3puc._.js:2477
[ 1115918ms] [LOG] [Fast Refresh] done in 19ms @ http://localhost:3000/_next/static/chunks/1nrc_next_dist_10f3puc._.js:2477
[ 1117912ms] [LOG] [Fast Refresh] rebuilding @ http://localhost:3000/_next/static/chunks/1nrc_next_dist_10f3puc._.js:2477
[ 1117943ms] [LOG] [Fast Refresh] done in 29ms @ http://localhost:3000/_next/static/chunks/1nrc_next_dist_10f3puc._.js:2477
[ 1140444ms] [LOG] [Fast Refresh] rebuilding @ http://localhost:3000/_next/static/chunks/1nrc_next_dist_10f3puc._.js:2477
[ 1140473ms] [LOG] [Fast Refresh] done in 11ms @ http://localhost:3000/_next/static/chunks/1nrc_next_dist_10f3puc._.js:2477
[ 1142546ms] [LOG] [Fast Refresh] rebuilding @ http://localhost:3000/_next/static/chunks/1nrc_next_dist_10f3puc._.js:2477
[ 1142676ms] [LOG] [Fast Refresh] done in 228ms @ http://localhost:3000/_next/static/chunks/1nrc_next_dist_10f3puc._.js:2477
[ 1142854ms] [LOG] [Fast Refresh] rebuilding @ http://localhost:3000/_next/static/chunks/1nrc_next_dist_10f3puc._.js:2477
[ 1142882ms] [LOG] [Fast Refresh] done in 129ms @ http://localhost:3000/_next/static/chunks/1nrc_next_dist_10f3puc._.js:2477
[ 1163893ms] [LOG] [Fast Refresh] rebuilding @ http://localhost:3000/_next/static/chunks/1nrc_next_dist_10f3puc._.js:2477
[ 1164077ms] [LOG] [Fast Refresh] done in 197ms @ http://localhost:3000/_next/static/chunks/1nrc_next_dist_10f3puc._.js:2477
[ 1187618ms] [LOG] [Fast Refresh] rebuilding @ http://localhost:3000/_next/static/chunks/1nrc_next_dist_10f3puc._.js:2477
[ 1187645ms] [LOG] [Fast Refresh] done in 19ms @ http://localhost:3000/_next/static/chunks/1nrc_next_dist_10f3puc._.js:2477
[ 1272947ms] [LOG] [Fast Refresh] rebuilding @ http://localhost:3000/_next/static/chunks/1nrc_next_dist_10f3puc._.js:2477
[ 1272978ms] [LOG] [Fast Refresh] done in 20ms @ http://localhost:3000/_next/static/chunks/1nrc_next_dist_10f3puc._.js:2477
[ 1314843ms] [LOG] [Fast Refresh] rebuilding @ http://localhost:3000/_next/static/chunks/1nrc_next_dist_10f3puc._.js:2477
[ 1314873ms] [LOG] [Fast Refresh] done in 14ms @ http://localhost:3000/_next/static/chunks/1nrc_next_dist_10f3puc._.js:2477
[ 1330235ms] [LOG] [Fast Refresh] rebuilding @ http://localhost:3000/_next/static/chunks/1nrc_next_dist_10f3puc._.js:2477
[ 1330317ms] [LOG] [Fast Refresh] done in 30ms @ http://localhost:3000/_next/static/chunks/1nrc_next_dist_10f3puc._.js:2477
